{"/Users/anelka/Desktop/Testing/obscureNumber.js": {"path":"/Users/anelka/Desktop/Testing/obscureNumber.js","statementMap":{"0":{"start":{"line":13,"column":22},"end":{"line":27,"column":1}},"1":{"start":{"line":14,"column":4},"end":{"line":26,"column":5}},"2":{"start":{"line":15,"column":31},"end":{"line":15,"column":57}},"3":{"start":{"line":16,"column":27},"end":{"line":16,"column":29}},"4":{"start":{"line":19,"column":8},"end":{"line":21,"column":9}},"5":{"start":{"line":19,"column":21},"end":{"line":19,"column":22}},"6":{"start":{"line":20,"column":12},"end":{"line":20,"column":32}},"7":{"start":{"line":23,"column":8},"end":{"line":23,"column":45}},"8":{"start":{"line":25,"column":8},"end":{"line":25,"column":37}},"9":{"start":{"line":29,"column":0},"end":{"line":29,"column":31}}},"fnMap":{"0":{"name":"(anonymous_0)","decl":{"start":{"line":13,"column":22},"end":{"line":13,"column":23}},"loc":{"start":{"line":13,"column":44},"end":{"line":27,"column":1}},"line":13}},"branchMap":{"0":{"loc":{"start":{"line":14,"column":4},"end":{"line":26,"column":5}},"type":"if","locations":[{"start":{"line":14,"column":4},"end":{"line":26,"column":5}},{"start":{"line":24,"column":11},"end":{"line":26,"column":5}}],"line":14}},"s":{"0":1,"1":2,"2":1,"3":1,"4":1,"5":1,"6":8,"7":1,"8":1,"9":1},"f":{"0":2},"b":{"0":[1,1]},"_coverageSchema":"1a1c01bbd47fc00a2c39e90264f33305004495a9","hash":"1f2b26e5307856f498b7993a2370bd73664f9b8e"}
}
